<?xml version="1.0" encoding="UTF-8"?>
<!-- Generated by org.testng.reporters.JUnitReportReporter -->
<testsuite skipped="0" hostname="Swaroops-Mac-mini.local" name="parallel.ParallelRun" tests="5" failures="0" timestamp="2021-09-22T09:34:20 IST" time="417.749" errors="0">
  <testcase name="runScenario" time="326.103" classname="parallel.ParallelRun"/>
  <system-out/>
  <testcase name="runScenario" time="25.883" classname="parallel.ParallelRun"/>
  <system-out/>
  <testcase name="runScenario" time="21.813" classname="parallel.ParallelRun"/>
  <system-out/>
  <testcase name="runScenario" time="21.975" classname="parallel.ParallelRun"/>
  <system-out/>
  <testcase name="runScenario" time="21.975" classname="parallel.ParallelRun"/>
  <system-out/>
</testsuite> <!-- parallel.ParallelRun -->
