<?xml version="1.0" encoding="UTF-8"?>
<testsuite xmlns:xsi="http://www.w3.org/2001/XMLSchema-instance" xsi:noNamespaceSchemaLocation="https://maven.apache.org/surefire/maven-surefire-plugin/xsd/surefire-test-report.xsd" name="parallel.ParallelRun" time="331.101" tests="5" errors="0" skipped="0" failures="0">
  <properties>
    <property name="gopherProxySet" value="false"/>
    <property name="awt.toolkit" value="sun.lwawt.macosx.LWCToolkit"/>
    <property name="file.encoding.pkg" value="sun.io"/>
    <property name="java.specification.version" value="1.8"/>
    <property name="sun.cpu.isalist" value=""/>
    <property name="sun.jnu.encoding" value="UTF-8"/>
    <property name="java.class.path" value="/Users/swarooppattanaik/Documents/Swaroop/Interview/Maersk/target/test-classes:/Users/swarooppattanaik/Documents/Swaroop/Interview/Maersk/target/classes:/Users/swarooppattanaik/.m2/repository/org/seleniumhq/selenium/selenium-java/4.0.0-rc-1/selenium-java-4.0.0-rc-1.jar:/Users/swarooppattanaik/.m2/repository/org/seleniumhq/selenium/selenium-api/4.0.0-rc-1/selenium-api-4.0.0-rc-1.jar:/Users/swarooppattanaik/.m2/repository/org/seleniumhq/selenium/selenium-chrome-driver/4.0.0-rc-1/selenium-chrome-driver-4.0.0-rc-1.jar:/Users/swarooppattanaik/.m2/repository/com/google/auto/service/auto-service-annotations/1.0/auto-service-annotations-1.0.jar:/Users/swarooppattanaik/.m2/repository/com/google/auto/service/auto-service/1.0/auto-service-1.0.jar:/Users/swarooppattanaik/.m2/repository/com/google/auto/auto-common/1.0/auto-common-1.0.jar:/Users/swarooppattanaik/.m2/repository/org/seleniumhq/selenium/selenium-chromium-driver/4.0.0-rc-1/selenium-chromium-driver-4.0.0-rc-1.jar:/Users/swarooppattanaik/.m2/repository/org/seleniumhq/selenium/selenium-devtools/4.0.0-rc-1/selenium-devtools-4.0.0-rc-1.jar:/Users/swarooppattanaik/.m2/repository/org/seleniumhq/selenium/selenium-http/4.0.0-rc-1/selenium-http-4.0.0-rc-1.jar:/Users/swarooppattanaik/.m2/repository/org/seleniumhq/selenium/selenium-json/4.0.0-rc-1/selenium-json-4.0.0-rc-1.jar:/Users/swarooppattanaik/.m2/repository/org/seleniumhq/selenium/selenium-devtools-v85/4.0.0-rc-1/selenium-devtools-v85-4.0.0-rc-1.jar:/Users/swarooppattanaik/.m2/repository/org/seleniumhq/selenium/selenium-devtools-v92/4.0.0-rc-1/selenium-devtools-v92-4.0.0-rc-1.jar:/Users/swarooppattanaik/.m2/repository/org/seleniumhq/selenium/selenium-devtools-v93/4.0.0-rc-1/selenium-devtools-v93-4.0.0-rc-1.jar:/Users/swarooppattanaik/.m2/repository/org/seleniumhq/selenium/selenium-edge-driver/4.0.0-rc-1/selenium-edge-driver-4.0.0-rc-1.jar:/Users/swarooppattanaik/.m2/repository/org/seleniumhq/selenium/selenium-firefox-driver/4.0.0-rc-1/selenium-firefox-driver-4.0.0-rc-1.jar:/Users/swarooppattanaik/.m2/repository/org/seleniumhq/selenium/selenium-firefox-xpi-driver/4.0.0-rc-1/selenium-firefox-xpi-driver-4.0.0-rc-1.jar:/Users/swarooppattanaik/.m2/repository/org/seleniumhq/selenium/selenium-ie-driver/4.0.0-rc-1/selenium-ie-driver-4.0.0-rc-1.jar:/Users/swarooppattanaik/.m2/repository/org/seleniumhq/selenium/selenium-opera-driver/4.0.0-rc-1/selenium-opera-driver-4.0.0-rc-1.jar:/Users/swarooppattanaik/.m2/repository/org/seleniumhq/selenium/selenium-remote-driver/4.0.0-rc-1/selenium-remote-driver-4.0.0-rc-1.jar:/Users/swarooppattanaik/.m2/repository/io/netty/netty-buffer/4.1.67.Final/netty-buffer-4.1.67.Final.jar:/Users/swarooppattanaik/.m2/repository/io/netty/netty-codec-http/4.1.67.Final/netty-codec-http-4.1.67.Final.jar:/Users/swarooppattanaik/.m2/repository/io/netty/netty-codec/4.1.67.Final/netty-codec-4.1.67.Final.jar:/Users/swarooppattanaik/.m2/repository/io/netty/netty-handler/4.1.67.Final/netty-handler-4.1.67.Final.jar:/Users/swarooppattanaik/.m2/repository/io/netty/netty-common/4.1.67.Final/netty-common-4.1.67.Final.jar:/Users/swarooppattanaik/.m2/repository/io/netty/netty-transport-native-epoll/4.1.67.Final/netty-transport-native-epoll-4.1.67.Final.jar:/Users/swarooppattanaik/.m2/repository/io/netty/netty-transport-native-kqueue/4.1.67.Final/netty-transport-native-kqueue-4.1.67.Final.jar:/Users/swarooppattanaik/.m2/repository/io/netty/netty-transport-native-unix-common/4.1.67.Final/netty-transport-native-unix-common-4.1.67.Final.jar:/Users/swarooppattanaik/.m2/repository/io/netty/netty-transport/4.1.67.Final/netty-transport-4.1.67.Final.jar:/Users/swarooppattanaik/.m2/repository/io/netty/netty-resolver/4.1.67.Final/netty-resolver-4.1.67.Final.jar:/Users/swarooppattanaik/.m2/repository/io/opentelemetry/opentelemetry-api/1.5.0/opentelemetry-api-1.5.0.jar:/Users/swarooppattanaik/.m2/repository/io/opentelemetry/opentelemetry-context/1.5.0/opentelemetry-context-1.5.0.jar:/Users/swarooppattanaik/.m2/repository/io/opentelemetry/opentelemetry-exporter-logging/1.5.0/opentelemetry-exporter-logging-1.5.0.jar:/Users/swarooppattanaik/.m2/repository/io/opentelemetry/opentelemetry-sdk-metrics/1.5.0-alpha/opentelemetry-sdk-metrics-1.5.0-alpha.jar:/Users/swarooppattanaik/.m2/repository/io/opentelemetry/opentelemetry-sdk-common/1.5.0/opentelemetry-sdk-common-1.5.0.jar:/Users/swarooppattanaik/.m2/repository/io/opentelemetry/opentelemetry-sdk-extension-autoconfigure/1.5.0-alpha/opentelemetry-sdk-extension-autoconfigure-1.5.0-alpha.jar:/Users/swarooppattanaik/.m2/repository/io/opentelemetry/opentelemetry-sdk-trace/1.5.0/opentelemetry-sdk-trace-1.5.0.jar:/Users/swarooppattanaik/.m2/repository/io/opentelemetry/opentelemetry-api-metrics/1.5.0-alpha/opentelemetry-api-metrics-1.5.0-alpha.jar:/Users/swarooppattanaik/.m2/repository/io/opentelemetry/opentelemetry-sdk/1.5.0/opentelemetry-sdk-1.5.0.jar:/Users/swarooppattanaik/.m2/repository/io/opentelemetry/opentelemetry-semconv/1.5.0-alpha/opentelemetry-semconv-1.5.0-alpha.jar:/Users/swarooppattanaik/.m2/repository/io/ous/jtoml/2.0.0/jtoml-2.0.0.jar:/Users/swarooppattanaik/.m2/repository/net/bytebuddy/byte-buddy/1.11.13/byte-buddy-1.11.13.jar:/Users/swarooppattanaik/.m2/repository/org/apache/commons/commons-exec/1.3/commons-exec-1.3.jar:/Users/swarooppattanaik/.m2/repository/org/asynchttpclient/async-http-client/2.12.3/async-http-client-2.12.3.jar:/Users/swarooppattanaik/.m2/repository/org/asynchttpclient/async-http-client-netty-utils/2.12.3/async-http-client-netty-utils-2.12.3.jar:/Users/swarooppattanaik/.m2/repository/io/netty/netty-codec-socks/4.1.60.Final/netty-codec-socks-4.1.60.Final.jar:/Users/swarooppattanaik/.m2/repository/io/netty/netty-handler-proxy/4.1.60.Final/netty-handler-proxy-4.1.60.Final.jar:/Users/swarooppattanaik/.m2/repository/io/netty/netty-transport-native-epoll/4.1.60.Final/netty-transport-native-epoll-4.1.60.Final-linux-x86_64.jar:/Users/swarooppattanaik/.m2/repository/io/netty/netty-transport-native-kqueue/4.1.60.Final/netty-transport-native-kqueue-4.1.60.Final-osx-x86_64.jar:/Users/swarooppattanaik/.m2/repository/org/reactivestreams/reactive-streams/1.0.3/reactive-streams-1.0.3.jar:/Users/swarooppattanaik/.m2/repository/com/typesafe/netty/netty-reactive-streams/2.0.4/netty-reactive-streams-2.0.4.jar:/Users/swarooppattanaik/.m2/repository/com/sun/activation/jakarta.activation/1.2.2/jakarta.activation-1.2.2.jar:/Users/swarooppattanaik/.m2/repository/org/seleniumhq/selenium/selenium-safari-driver/4.0.0-rc-1/selenium-safari-driver-4.0.0-rc-1.jar:/Users/swarooppattanaik/.m2/repository/org/seleniumhq/selenium/selenium-support/4.0.0-rc-1/selenium-support-4.0.0-rc-1.jar:/Users/swarooppattanaik/.m2/repository/io/github/bonigarcia/webdrivermanager/5.0.3/webdrivermanager-5.0.3.jar:/Users/swarooppattanaik/.m2/repository/org/slf4j/slf4j-api/1.7.32/slf4j-api-1.7.32.jar:/Users/swarooppattanaik/.m2/repository/com/google/code/gson/gson/2.8.8/gson-2.8.8.jar:/Users/swarooppattanaik/.m2/repository/org/jsoup/jsoup/1.14.2/jsoup-1.14.2.jar:/Users/swarooppattanaik/.m2/repository/com/github/docker-java/docker-java/3.2.12/docker-java-3.2.12.jar:/Users/swarooppattanaik/.m2/repository/com/github/docker-java/docker-java-core/3.2.12/docker-java-core-3.2.12.jar:/Users/swarooppattanaik/.m2/repository/com/github/docker-java/docker-java-api/3.2.12/docker-java-api-3.2.12.jar:/Users/swarooppattanaik/.m2/repository/org/apache/commons/commons-compress/1.21/commons-compress-1.21.jar:/Users/swarooppattanaik/.m2/repository/org/bouncycastle/bcpkix-jdk15on/1.64/bcpkix-jdk15on-1.64.jar:/Users/swarooppattanaik/.m2/repository/org/bouncycastle/bcprov-jdk15on/1.64/bcprov-jdk15on-1.64.jar:/Users/swarooppattanaik/.m2/repository/org/slf4j/jcl-over-slf4j/1.7.30/jcl-over-slf4j-1.7.30.jar:/Users/swarooppattanaik/.m2/repository/com/github/docker-java/docker-java-transport-httpclient5/3.2.12/docker-java-transport-httpclient5-3.2.12.jar:/Users/swarooppattanaik/.m2/repository/com/github/docker-java/docker-java-transport/3.2.12/docker-java-transport-3.2.12.jar:/Users/swarooppattanaik/.m2/repository/org/apache/httpcomponents/client5/httpclient5/5.0.3/httpclient5-5.0.3.jar:/Users/swarooppattanaik/.m2/repository/org/apache/httpcomponents/core5/httpcore5/5.0.2/httpcore5-5.0.2.jar:/Users/swarooppattanaik/.m2/repository/commons-codec/commons-codec/1.13/commons-codec-1.13.jar:/Users/swarooppattanaik/.m2/repository/net/java/dev/jna/jna/5.8.0/jna-5.8.0.jar:/Users/swarooppattanaik/.m2/repository/com/google/guava/guava/30.1.1-jre/guava-30.1.1-jre.jar:/Users/swarooppattanaik/.m2/repository/com/google/guava/failureaccess/1.0.1/failureaccess-1.0.1.jar:/Users/swarooppattanaik/.m2/repository/com/google/guava/listenablefuture/9999.0-empty-to-avoid-conflict-with-guava/listenablefuture-9999.0-empty-to-avoid-conflict-with-guava.jar:/Users/swarooppattanaik/.m2/repository/com/google/code/findbugs/jsr305/3.0.2/jsr305-3.0.2.jar:/Users/swarooppattanaik/.m2/repository/org/checkerframework/checker-qual/3.8.0/checker-qual-3.8.0.jar:/Users/swarooppattanaik/.m2/repository/com/google/errorprone/error_prone_annotations/2.5.1/error_prone_annotations-2.5.1.jar:/Users/swarooppattanaik/.m2/repository/com/google/j2objc/j2objc-annotations/1.3/j2objc-annotations-1.3.jar:/Users/swarooppattanaik/.m2/repository/org/brotli/dec/0.1.2/dec-0.1.2.jar:/Users/swarooppattanaik/.m2/repository/org/apache/logging/log4j/log4j-core/2.14.1/log4j-core-2.14.1.jar:/Users/swarooppattanaik/.m2/repository/org/apache/logging/log4j/log4j-api/2.14.1/log4j-api-2.14.1.jar:/Users/swarooppattanaik/.m2/repository/io/cucumber/cucumber-java/6.11.0/cucumber-java-6.11.0.jar:/Users/swarooppattanaik/.m2/repository/io/cucumber/cucumber-core/6.11.0/cucumber-core-6.11.0.jar:/Users/swarooppattanaik/.m2/repository/io/cucumber/cucumber-gherkin/6.11.0/cucumber-gherkin-6.11.0.jar:/Users/swarooppattanaik/.m2/repository/io/cucumber/cucumber-gherkin-messages/6.11.0/cucumber-gherkin-messages-6.11.0.jar:/Users/swarooppattanaik/.m2/repository/io/cucumber/messages/15.0.0/messages-15.0.0.jar:/Users/swarooppattanaik/.m2/repository/io/cucumber/tag-expressions/3.0.1/tag-expressions-3.0.1.jar:/Users/swarooppattanaik/.m2/repository/io/cucumber/cucumber-expressions/10.3.0/cucumber-expressions-10.3.0.jar:/Users/swarooppattanaik/.m2/repository/io/cucumber/datatable/3.5.0/datatable-3.5.0.jar:/Users/swarooppattanaik/.m2/repository/io/cucumber/cucumber-plugin/6.11.0/cucumber-plugin-6.11.0.jar:/Users/swarooppattanaik/.m2/repository/io/cucumber/docstring/6.11.0/docstring-6.11.0.jar:/Users/swarooppattanaik/.m2/repository/io/cucumber/html-formatter/13.0.0/html-formatter-13.0.0.jar:/Users/swarooppattanaik/.m2/repository/io/cucumber/create-meta/4.0.0/create-meta-4.0.0.jar:/Users/swarooppattanaik/.m2/repository/org/apiguardian/apiguardian-api/1.1.2/apiguardian-api-1.1.2.jar:/Users/swarooppattanaik/.m2/repository/tech/grasshopper/extentreports-cucumber6-adapter/2.8.4/extentreports-cucumber6-adapter-2.8.4.jar:/Users/swarooppattanaik/.m2/repository/com/aventstack/extentreports/5.0.8/extentreports-5.0.8.jar:/Users/swarooppattanaik/.m2/repository/io/reactivex/rxjava3/rxjava/3.0.4/rxjava-3.0.4.jar:/Users/swarooppattanaik/.m2/repository/org/freemarker/freemarker/2.3.30/freemarker-2.3.30.jar:/Users/swarooppattanaik/.m2/repository/org/projectlombok/lombok/1.18.12/lombok-1.18.12.jar:/Users/swarooppattanaik/.m2/repository/tech/grasshopper/extent-pdf-report/1.7.4/extent-pdf-report-1.7.4.jar:/Users/swarooppattanaik/.m2/repository/tech/grasshopper/cucumber-pdf-report/2.2.4/cucumber-pdf-report-2.2.4.jar:/Users/swarooppattanaik/.m2/repository/org/apache/pdfbox/pdfbox/2.0.22/pdfbox-2.0.22.jar:/Users/swarooppattanaik/.m2/repository/org/apache/pdfbox/fontbox/2.0.22/fontbox-2.0.22.jar:/Users/swarooppattanaik/.m2/repository/org/knowm/xchart/xchart/3.8.0/xchart-3.8.0.jar:/Users/swarooppattanaik/.m2/repository/de/erichseifert/vectorgraphics2d/VectorGraphics2D/0.13/VectorGraphics2D-0.13.jar:/Users/swarooppattanaik/.m2/repository/de/rototor/pdfbox/graphics2d/0.30/graphics2d-0.30.jar:/Users/swarooppattanaik/.m2/repository/com/madgag/animated-gif-lib/1.4/animated-gif-lib-1.4.jar:/Users/swarooppattanaik/.m2/repository/tech/grasshopper/table-layout/1.2.0/table-layout-1.2.0.jar:/Users/swarooppattanaik/.m2/repository/com/aventstack/klov-reporter/5.0.8/klov-reporter-5.0.8.jar:/Users/swarooppattanaik/.m2/repository/org/mongodb/bson/3.6.4/bson-3.6.4.jar:/Users/swarooppattanaik/.m2/repository/org/apache/httpcomponents/httpclient/4.5.2/httpclient-4.5.2.jar:/Users/swarooppattanaik/.m2/repository/org/apache/httpcomponents/httpcore/4.4.4/httpcore-4.4.4.jar:/Users/swarooppattanaik/.m2/repository/org/apache/httpcomponents/httpmime/4.5.2/httpmime-4.5.2.jar:/Users/swarooppattanaik/.m2/repository/org/mongodb/mongodb-driver/3.3.0/mongodb-driver-3.3.0.jar:/Users/swarooppattanaik/.m2/repository/org/mongodb/mongodb-driver-core/3.3.0/mongodb-driver-core-3.3.0.jar:/Users/swarooppattanaik/.m2/repository/net/masterthought/cucumber-reporting/5.5.4/cucumber-reporting-5.5.4.jar:/Users/swarooppattanaik/.m2/repository/com/fasterxml/jackson/core/jackson-databind/2.12.1/jackson-databind-2.12.1.jar:/Users/swarooppattanaik/.m2/repository/com/fasterxml/jackson/core/jackson-annotations/2.12.1/jackson-annotations-2.12.1.jar:/Users/swarooppattanaik/.m2/repository/com/fasterxml/jackson/core/jackson-core/2.12.1/jackson-core-2.12.1.jar:/Users/swarooppattanaik/.m2/repository/com/fasterxml/jackson/datatype/jackson-datatype-jsr310/2.12.1/jackson-datatype-jsr310-2.12.1.jar:/Users/swarooppattanaik/.m2/repository/org/apache/velocity/velocity-engine-core/2.3/velocity-engine-core-2.3.jar:/Users/swarooppattanaik/.m2/repository/commons-collections/commons-collections/3.2.2/commons-collections-3.2.2.jar:/Users/swarooppattanaik/.m2/repository/joda-time/joda-time/2.10.10/joda-time-2.10.10.jar:/Users/swarooppattanaik/.m2/repository/org/apache/commons/commons-lang3/3.12.0/commons-lang3-3.12.0.jar:/Users/swarooppattanaik/.m2/repository/commons-io/commons-io/2.7/commons-io-2.7.jar:/Users/swarooppattanaik/.m2/repository/org/codehaus/plexus/plexus-utils/3.3.0/plexus-utils-3.3.0.jar:/Users/swarooppattanaik/.m2/repository/com/googlecode/owasp-java-html-sanitizer/owasp-java-html-sanitizer/20200713.1/owasp-java-html-sanitizer-20200713.1.jar:/Users/swarooppattanaik/.m2/repository/commons-configuration/commons-configuration/1.10/commons-configuration-1.10.jar:/Users/swarooppattanaik/.m2/repository/commons-lang/commons-lang/2.6/commons-lang-2.6.jar:/Users/swarooppattanaik/.m2/repository/commons-logging/commons-logging/1.1.1/commons-logging-1.1.1.jar:/Users/swarooppattanaik/.m2/repository/io/qameta/allure/allure-cucumber6-jvm/2.14.0/allure-cucumber6-jvm-2.14.0.jar:/Users/swarooppattanaik/.m2/repository/io/qameta/allure/allure-java-commons/2.14.0/allure-java-commons-2.14.0.jar:/Users/swarooppattanaik/.m2/repository/io/qameta/allure/allure-model/2.14.0/allure-model-2.14.0.jar:/Users/swarooppattanaik/.m2/repository/org/apache/tika/tika-core/1.26/tika-core-1.26.jar:/Users/swarooppattanaik/.m2/repository/org/jooq/joor-java-8/0.9.14/joor-java-8-0.9.14.jar:/Users/swarooppattanaik/.m2/repository/io/cucumber/gherkin/18.0.0/gherkin-18.0.0.jar:/Users/swarooppattanaik/.m2/repository/org/aspectj/aspectjweaver/1.9.7/aspectjweaver-1.9.7.jar:/Users/swarooppattanaik/.m2/repository/io/cucumber/cucumber-junit/6.11.0/cucumber-junit-6.11.0.jar:/Users/swarooppattanaik/.m2/repository/junit/junit/4.13.2/junit-4.13.2.jar:/Users/swarooppattanaik/.m2/repository/org/hamcrest/hamcrest-core/1.3/hamcrest-core-1.3.jar:/Users/swarooppattanaik/.m2/repository/io/cucumber/cucumber-testng/6.10.4/cucumber-testng-6.10.4.jar:/Users/swarooppattanaik/.m2/repository/org/testng/testng/7.3.0/testng-7.3.0.jar:/Users/swarooppattanaik/.m2/repository/com/beust/jcommander/1.78/jcommander-1.78.jar:/Users/swarooppattanaik/.m2/repository/org/apache/ant/ant/1.10.3/ant-1.10.3.jar:/Users/swarooppattanaik/.m2/repository/org/apache/ant/ant-launcher/1.10.3/ant-launcher-1.10.3.jar:/Users/swarooppattanaik/.m2/repository/com/google/inject/guice/4.2.2/guice-4.2.2-no_aop.jar:/Users/swarooppattanaik/.m2/repository/javax/inject/javax.inject/1/javax.inject-1.jar:/Users/swarooppattanaik/.m2/repository/aopalliance/aopalliance/1.0/aopalliance-1.0.jar:/Users/swarooppattanaik/.m2/repository/org/yaml/snakeyaml/1.21/snakeyaml-1.21.jar:/Users/swarooppattanaik/.m2/repository/org/apache/maven/surefire/surefire-testng-utils/2.22.0/surefire-testng-utils-2.22.0.jar:/Users/swarooppattanaik/.m2/repository/org/apache/maven/surefire/surefire-grouper/2.22.0/surefire-grouper-2.22.0.jar:"/>
    <property name="java.vm.vendor" value="Oracle Corporation"/>
    <property name="sun.arch.data.model" value="64"/>
    <property name="java.vendor.url" value="http://java.oracle.com/"/>
    <property name="user.timezone" value=""/>
    <property name="java.vm.specification.version" value="1.8"/>
    <property name="os.name" value="Mac OS X"/>
    <property name="user.country" value="IN"/>
    <property name="sun.java.launcher" value="SUN_STANDARD"/>
    <property name="sun.boot.library.path" value="/Library/Java/JavaVirtualMachines/jdk1.8.0_291.jdk/Contents/Home/jre/lib"/>
    <property name="sun.java.command" value="/Users/swarooppattanaik/Documents/Swaroop/Interview/Maersk/target/surefire/surefirebooter548870499839520318.jar /Users/swarooppattanaik/Documents/Swaroop/Interview/Maersk/target/surefire 2021-09-22T09-28-48_199-jvmRun1 surefire5905763299162486844tmp surefire_09201851623661399038tmp"/>
    <property name="http.nonProxyHosts" value="local|*.local|169.254/16|*.169.254/16"/>
    <property name="surefire.test.class.path" value="/Users/swarooppattanaik/Documents/Swaroop/Interview/Maersk/target/test-classes:/Users/swarooppattanaik/Documents/Swaroop/Interview/Maersk/target/classes:/Users/swarooppattanaik/.m2/repository/org/seleniumhq/selenium/selenium-java/4.0.0-rc-1/selenium-java-4.0.0-rc-1.jar:/Users/swarooppattanaik/.m2/repository/org/seleniumhq/selenium/selenium-api/4.0.0-rc-1/selenium-api-4.0.0-rc-1.jar:/Users/swarooppattanaik/.m2/repository/org/seleniumhq/selenium/selenium-chrome-driver/4.0.0-rc-1/selenium-chrome-driver-4.0.0-rc-1.jar:/Users/swarooppattanaik/.m2/repository/com/google/auto/service/auto-service-annotations/1.0/auto-service-annotations-1.0.jar:/Users/swarooppattanaik/.m2/repository/com/google/auto/service/auto-service/1.0/auto-service-1.0.jar:/Users/swarooppattanaik/.m2/repository/com/google/auto/auto-common/1.0/auto-common-1.0.jar:/Users/swarooppattanaik/.m2/repository/org/seleniumhq/selenium/selenium-chromium-driver/4.0.0-rc-1/selenium-chromium-driver-4.0.0-rc-1.jar:/Users/swarooppattanaik/.m2/repository/org/seleniumhq/selenium/selenium-devtools/4.0.0-rc-1/selenium-devtools-4.0.0-rc-1.jar:/Users/swarooppattanaik/.m2/repository/org/seleniumhq/selenium/selenium-http/4.0.0-rc-1/selenium-http-4.0.0-rc-1.jar:/Users/swarooppattanaik/.m2/repository/org/seleniumhq/selenium/selenium-json/4.0.0-rc-1/selenium-json-4.0.0-rc-1.jar:/Users/swarooppattanaik/.m2/repository/org/seleniumhq/selenium/selenium-devtools-v85/4.0.0-rc-1/selenium-devtools-v85-4.0.0-rc-1.jar:/Users/swarooppattanaik/.m2/repository/org/seleniumhq/selenium/selenium-devtools-v92/4.0.0-rc-1/selenium-devtools-v92-4.0.0-rc-1.jar:/Users/swarooppattanaik/.m2/repository/org/seleniumhq/selenium/selenium-devtools-v93/4.0.0-rc-1/selenium-devtools-v93-4.0.0-rc-1.jar:/Users/swarooppattanaik/.m2/repository/org/seleniumhq/selenium/selenium-edge-driver/4.0.0-rc-1/selenium-edge-driver-4.0.0-rc-1.jar:/Users/swarooppattanaik/.m2/repository/org/seleniumhq/selenium/selenium-firefox-driver/4.0.0-rc-1/selenium-firefox-driver-4.0.0-rc-1.jar:/Users/swarooppattanaik/.m2/repository/org/seleniumhq/selenium/selenium-firefox-xpi-driver/4.0.0-rc-1/selenium-firefox-xpi-driver-4.0.0-rc-1.jar:/Users/swarooppattanaik/.m2/repository/org/seleniumhq/selenium/selenium-ie-driver/4.0.0-rc-1/selenium-ie-driver-4.0.0-rc-1.jar:/Users/swarooppattanaik/.m2/repository/org/seleniumhq/selenium/selenium-opera-driver/4.0.0-rc-1/selenium-opera-driver-4.0.0-rc-1.jar:/Users/swarooppattanaik/.m2/repository/org/seleniumhq/selenium/selenium-remote-driver/4.0.0-rc-1/selenium-remote-driver-4.0.0-rc-1.jar:/Users/swarooppattanaik/.m2/repository/io/netty/netty-buffer/4.1.67.Final/netty-buffer-4.1.67.Final.jar:/Users/swarooppattanaik/.m2/repository/io/netty/netty-codec-http/4.1.67.Final/netty-codec-http-4.1.67.Final.jar:/Users/swarooppattanaik/.m2/repository/io/netty/netty-codec/4.1.67.Final/netty-codec-4.1.67.Final.jar:/Users/swarooppattanaik/.m2/repository/io/netty/netty-handler/4.1.67.Final/netty-handler-4.1.67.Final.jar:/Users/swarooppattanaik/.m2/repository/io/netty/netty-common/4.1.67.Final/netty-common-4.1.67.Final.jar:/Users/swarooppattanaik/.m2/repository/io/netty/netty-transport-native-epoll/4.1.67.Final/netty-transport-native-epoll-4.1.67.Final.jar:/Users/swarooppattanaik/.m2/repository/io/netty/netty-transport-native-kqueue/4.1.67.Final/netty-transport-native-kqueue-4.1.67.Final.jar:/Users/swarooppattanaik/.m2/repository/io/netty/netty-transport-native-unix-common/4.1.67.Final/netty-transport-native-unix-common-4.1.67.Final.jar:/Users/swarooppattanaik/.m2/repository/io/netty/netty-transport/4.1.67.Final/netty-transport-4.1.67.Final.jar:/Users/swarooppattanaik/.m2/repository/io/netty/netty-resolver/4.1.67.Final/netty-resolver-4.1.67.Final.jar:/Users/swarooppattanaik/.m2/repository/io/opentelemetry/opentelemetry-api/1.5.0/opentelemetry-api-1.5.0.jar:/Users/swarooppattanaik/.m2/repository/io/opentelemetry/opentelemetry-context/1.5.0/opentelemetry-context-1.5.0.jar:/Users/swarooppattanaik/.m2/repository/io/opentelemetry/opentelemetry-exporter-logging/1.5.0/opentelemetry-exporter-logging-1.5.0.jar:/Users/swarooppattanaik/.m2/repository/io/opentelemetry/opentelemetry-sdk-metrics/1.5.0-alpha/opentelemetry-sdk-metrics-1.5.0-alpha.jar:/Users/swarooppattanaik/.m2/repository/io/opentelemetry/opentelemetry-sdk-common/1.5.0/opentelemetry-sdk-common-1.5.0.jar:/Users/swarooppattanaik/.m2/repository/io/opentelemetry/opentelemetry-sdk-extension-autoconfigure/1.5.0-alpha/opentelemetry-sdk-extension-autoconfigure-1.5.0-alpha.jar:/Users/swarooppattanaik/.m2/repository/io/opentelemetry/opentelemetry-sdk-trace/1.5.0/opentelemetry-sdk-trace-1.5.0.jar:/Users/swarooppattanaik/.m2/repository/io/opentelemetry/opentelemetry-api-metrics/1.5.0-alpha/opentelemetry-api-metrics-1.5.0-alpha.jar:/Users/swarooppattanaik/.m2/repository/io/opentelemetry/opentelemetry-sdk/1.5.0/opentelemetry-sdk-1.5.0.jar:/Users/swarooppattanaik/.m2/repository/io/opentelemetry/opentelemetry-semconv/1.5.0-alpha/opentelemetry-semconv-1.5.0-alpha.jar:/Users/swarooppattanaik/.m2/repository/io/ous/jtoml/2.0.0/jtoml-2.0.0.jar:/Users/swarooppattanaik/.m2/repository/net/bytebuddy/byte-buddy/1.11.13/byte-buddy-1.11.13.jar:/Users/swarooppattanaik/.m2/repository/org/apache/commons/commons-exec/1.3/commons-exec-1.3.jar:/Users/swarooppattanaik/.m2/repository/org/asynchttpclient/async-http-client/2.12.3/async-http-client-2.12.3.jar:/Users/swarooppattanaik/.m2/repository/org/asynchttpclient/async-http-client-netty-utils/2.12.3/async-http-client-netty-utils-2.12.3.jar:/Users/swarooppattanaik/.m2/repository/io/netty/netty-codec-socks/4.1.60.Final/netty-codec-socks-4.1.60.Final.jar:/Users/swarooppattanaik/.m2/repository/io/netty/netty-handler-proxy/4.1.60.Final/netty-handler-proxy-4.1.60.Final.jar:/Users/swarooppattanaik/.m2/repository/io/netty/netty-transport-native-epoll/4.1.60.Final/netty-transport-native-epoll-4.1.60.Final-linux-x86_64.jar:/Users/swarooppattanaik/.m2/repository/io/netty/netty-transport-native-kqueue/4.1.60.Final/netty-transport-native-kqueue-4.1.60.Final-osx-x86_64.jar:/Users/swarooppattanaik/.m2/repository/org/reactivestreams/reactive-streams/1.0.3/reactive-streams-1.0.3.jar:/Users/swarooppattanaik/.m2/repository/com/typesafe/netty/netty-reactive-streams/2.0.4/netty-reactive-streams-2.0.4.jar:/Users/swarooppattanaik/.m2/repository/com/sun/activation/jakarta.activation/1.2.2/jakarta.activation-1.2.2.jar:/Users/swarooppattanaik/.m2/repository/org/seleniumhq/selenium/selenium-safari-driver/4.0.0-rc-1/selenium-safari-driver-4.0.0-rc-1.jar:/Users/swarooppattanaik/.m2/repository/org/seleniumhq/selenium/selenium-support/4.0.0-rc-1/selenium-support-4.0.0-rc-1.jar:/Users/swarooppattanaik/.m2/repository/io/github/bonigarcia/webdrivermanager/5.0.3/webdrivermanager-5.0.3.jar:/Users/swarooppattanaik/.m2/repository/org/slf4j/slf4j-api/1.7.32/slf4j-api-1.7.32.jar:/Users/swarooppattanaik/.m2/repository/com/google/code/gson/gson/2.8.8/gson-2.8.8.jar:/Users/swarooppattanaik/.m2/repository/org/jsoup/jsoup/1.14.2/jsoup-1.14.2.jar:/Users/swarooppattanaik/.m2/repository/com/github/docker-java/docker-java/3.2.12/docker-java-3.2.12.jar:/Users/swarooppattanaik/.m2/repository/com/github/docker-java/docker-java-core/3.2.12/docker-java-core-3.2.12.jar:/Users/swarooppattanaik/.m2/repository/com/github/docker-java/docker-java-api/3.2.12/docker-java-api-3.2.12.jar:/Users/swarooppattanaik/.m2/repository/org/apache/commons/commons-compress/1.21/commons-compress-1.21.jar:/Users/swarooppattanaik/.m2/repository/org/bouncycastle/bcpkix-jdk15on/1.64/bcpkix-jdk15on-1.64.jar:/Users/swarooppattanaik/.m2/repository/org/bouncycastle/bcprov-jdk15on/1.64/bcprov-jdk15on-1.64.jar:/Users/swarooppattanaik/.m2/repository/org/slf4j/jcl-over-slf4j/1.7.30/jcl-over-slf4j-1.7.30.jar:/Users/swarooppattanaik/.m2/repository/com/github/docker-java/docker-java-transport-httpclient5/3.2.12/docker-java-transport-httpclient5-3.2.12.jar:/Users/swarooppattanaik/.m2/repository/com/github/docker-java/docker-java-transport/3.2.12/docker-java-transport-3.2.12.jar:/Users/swarooppattanaik/.m2/repository/org/apache/httpcomponents/client5/httpclient5/5.0.3/httpclient5-5.0.3.jar:/Users/swarooppattanaik/.m2/repository/org/apache/httpcomponents/core5/httpcore5/5.0.2/httpcore5-5.0.2.jar:/Users/swarooppattanaik/.m2/repository/commons-codec/commons-codec/1.13/commons-codec-1.13.jar:/Users/swarooppattanaik/.m2/repository/net/java/dev/jna/jna/5.8.0/jna-5.8.0.jar:/Users/swarooppattanaik/.m2/repository/com/google/guava/guava/30.1.1-jre/guava-30.1.1-jre.jar:/Users/swarooppattanaik/.m2/repository/com/google/guava/failureaccess/1.0.1/failureaccess-1.0.1.jar:/Users/swarooppattanaik/.m2/repository/com/google/guava/listenablefuture/9999.0-empty-to-avoid-conflict-with-guava/listenablefuture-9999.0-empty-to-avoid-conflict-with-guava.jar:/Users/swarooppattanaik/.m2/repository/com/google/code/findbugs/jsr305/3.0.2/jsr305-3.0.2.jar:/Users/swarooppattanaik/.m2/repository/org/checkerframework/checker-qual/3.8.0/checker-qual-3.8.0.jar:/Users/swarooppattanaik/.m2/repository/com/google/errorprone/error_prone_annotations/2.5.1/error_prone_annotations-2.5.1.jar:/Users/swarooppattanaik/.m2/repository/com/google/j2objc/j2objc-annotations/1.3/j2objc-annotations-1.3.jar:/Users/swarooppattanaik/.m2/repository/org/brotli/dec/0.1.2/dec-0.1.2.jar:/Users/swarooppattanaik/.m2/repository/org/apache/logging/log4j/log4j-core/2.14.1/log4j-core-2.14.1.jar:/Users/swarooppattanaik/.m2/repository/org/apache/logging/log4j/log4j-api/2.14.1/log4j-api-2.14.1.jar:/Users/swarooppattanaik/.m2/repository/io/cucumber/cucumber-java/6.11.0/cucumber-java-6.11.0.jar:/Users/swarooppattanaik/.m2/repository/io/cucumber/cucumber-core/6.11.0/cucumber-core-6.11.0.jar:/Users/swarooppattanaik/.m2/repository/io/cucumber/cucumber-gherkin/6.11.0/cucumber-gherkin-6.11.0.jar:/Users/swarooppattanaik/.m2/repository/io/cucumber/cucumber-gherkin-messages/6.11.0/cucumber-gherkin-messages-6.11.0.jar:/Users/swarooppattanaik/.m2/repository/io/cucumber/messages/15.0.0/messages-15.0.0.jar:/Users/swarooppattanaik/.m2/repository/io/cucumber/tag-expressions/3.0.1/tag-expressions-3.0.1.jar:/Users/swarooppattanaik/.m2/repository/io/cucumber/cucumber-expressions/10.3.0/cucumber-expressions-10.3.0.jar:/Users/swarooppattanaik/.m2/repository/io/cucumber/datatable/3.5.0/datatable-3.5.0.jar:/Users/swarooppattanaik/.m2/repository/io/cucumber/cucumber-plugin/6.11.0/cucumber-plugin-6.11.0.jar:/Users/swarooppattanaik/.m2/repository/io/cucumber/docstring/6.11.0/docstring-6.11.0.jar:/Users/swarooppattanaik/.m2/repository/io/cucumber/html-formatter/13.0.0/html-formatter-13.0.0.jar:/Users/swarooppattanaik/.m2/repository/io/cucumber/create-meta/4.0.0/create-meta-4.0.0.jar:/Users/swarooppattanaik/.m2/repository/org/apiguardian/apiguardian-api/1.1.2/apiguardian-api-1.1.2.jar:/Users/swarooppattanaik/.m2/repository/tech/grasshopper/extentreports-cucumber6-adapter/2.8.4/extentreports-cucumber6-adapter-2.8.4.jar:/Users/swarooppattanaik/.m2/repository/com/aventstack/extentreports/5.0.8/extentreports-5.0.8.jar:/Users/swarooppattanaik/.m2/repository/io/reactivex/rxjava3/rxjava/3.0.4/rxjava-3.0.4.jar:/Users/swarooppattanaik/.m2/repository/org/freemarker/freemarker/2.3.30/freemarker-2.3.30.jar:/Users/swarooppattanaik/.m2/repository/org/projectlombok/lombok/1.18.12/lombok-1.18.12.jar:/Users/swarooppattanaik/.m2/repository/tech/grasshopper/extent-pdf-report/1.7.4/extent-pdf-report-1.7.4.jar:/Users/swarooppattanaik/.m2/repository/tech/grasshopper/cucumber-pdf-report/2.2.4/cucumber-pdf-report-2.2.4.jar:/Users/swarooppattanaik/.m2/repository/org/apache/pdfbox/pdfbox/2.0.22/pdfbox-2.0.22.jar:/Users/swarooppattanaik/.m2/repository/org/apache/pdfbox/fontbox/2.0.22/fontbox-2.0.22.jar:/Users/swarooppattanaik/.m2/repository/org/knowm/xchart/xchart/3.8.0/xchart-3.8.0.jar:/Users/swarooppattanaik/.m2/repository/de/erichseifert/vectorgraphics2d/VectorGraphics2D/0.13/VectorGraphics2D-0.13.jar:/Users/swarooppattanaik/.m2/repository/de/rototor/pdfbox/graphics2d/0.30/graphics2d-0.30.jar:/Users/swarooppattanaik/.m2/repository/com/madgag/animated-gif-lib/1.4/animated-gif-lib-1.4.jar:/Users/swarooppattanaik/.m2/repository/tech/grasshopper/table-layout/1.2.0/table-layout-1.2.0.jar:/Users/swarooppattanaik/.m2/repository/com/aventstack/klov-reporter/5.0.8/klov-reporter-5.0.8.jar:/Users/swarooppattanaik/.m2/repository/org/mongodb/bson/3.6.4/bson-3.6.4.jar:/Users/swarooppattanaik/.m2/repository/org/apache/httpcomponents/httpclient/4.5.2/httpclient-4.5.2.jar:/Users/swarooppattanaik/.m2/repository/org/apache/httpcomponents/httpcore/4.4.4/httpcore-4.4.4.jar:/Users/swarooppattanaik/.m2/repository/org/apache/httpcomponents/httpmime/4.5.2/httpmime-4.5.2.jar:/Users/swarooppattanaik/.m2/repository/org/mongodb/mongodb-driver/3.3.0/mongodb-driver-3.3.0.jar:/Users/swarooppattanaik/.m2/repository/org/mongodb/mongodb-driver-core/3.3.0/mongodb-driver-core-3.3.0.jar:/Users/swarooppattanaik/.m2/repository/net/masterthought/cucumber-reporting/5.5.4/cucumber-reporting-5.5.4.jar:/Users/swarooppattanaik/.m2/repository/com/fasterxml/jackson/core/jackson-databind/2.12.1/jackson-databind-2.12.1.jar:/Users/swarooppattanaik/.m2/repository/com/fasterxml/jackson/core/jackson-annotations/2.12.1/jackson-annotations-2.12.1.jar:/Users/swarooppattanaik/.m2/repository/com/fasterxml/jackson/core/jackson-core/2.12.1/jackson-core-2.12.1.jar:/Users/swarooppattanaik/.m2/repository/com/fasterxml/jackson/datatype/jackson-datatype-jsr310/2.12.1/jackson-datatype-jsr310-2.12.1.jar:/Users/swarooppattanaik/.m2/repository/org/apache/velocity/velocity-engine-core/2.3/velocity-engine-core-2.3.jar:/Users/swarooppattanaik/.m2/repository/commons-collections/commons-collections/3.2.2/commons-collections-3.2.2.jar:/Users/swarooppattanaik/.m2/repository/joda-time/joda-time/2.10.10/joda-time-2.10.10.jar:/Users/swarooppattanaik/.m2/repository/org/apache/commons/commons-lang3/3.12.0/commons-lang3-3.12.0.jar:/Users/swarooppattanaik/.m2/repository/commons-io/commons-io/2.7/commons-io-2.7.jar:/Users/swarooppattanaik/.m2/repository/org/codehaus/plexus/plexus-utils/3.3.0/plexus-utils-3.3.0.jar:/Users/swarooppattanaik/.m2/repository/com/googlecode/owasp-java-html-sanitizer/owasp-java-html-sanitizer/20200713.1/owasp-java-html-sanitizer-20200713.1.jar:/Users/swarooppattanaik/.m2/repository/commons-configuration/commons-configuration/1.10/commons-configuration-1.10.jar:/Users/swarooppattanaik/.m2/repository/commons-lang/commons-lang/2.6/commons-lang-2.6.jar:/Users/swarooppattanaik/.m2/repository/commons-logging/commons-logging/1.1.1/commons-logging-1.1.1.jar:/Users/swarooppattanaik/.m2/repository/io/qameta/allure/allure-cucumber6-jvm/2.14.0/allure-cucumber6-jvm-2.14.0.jar:/Users/swarooppattanaik/.m2/repository/io/qameta/allure/allure-java-commons/2.14.0/allure-java-commons-2.14.0.jar:/Users/swarooppattanaik/.m2/repository/io/qameta/allure/allure-model/2.14.0/allure-model-2.14.0.jar:/Users/swarooppattanaik/.m2/repository/org/apache/tika/tika-core/1.26/tika-core-1.26.jar:/Users/swarooppattanaik/.m2/repository/org/jooq/joor-java-8/0.9.14/joor-java-8-0.9.14.jar:/Users/swarooppattanaik/.m2/repository/io/cucumber/gherkin/18.0.0/gherkin-18.0.0.jar:/Users/swarooppattanaik/.m2/repository/org/aspectj/aspectjweaver/1.9.7/aspectjweaver-1.9.7.jar:/Users/swarooppattanaik/.m2/repository/io/cucumber/cucumber-junit/6.11.0/cucumber-junit-6.11.0.jar:/Users/swarooppattanaik/.m2/repository/junit/junit/4.13.2/junit-4.13.2.jar:/Users/swarooppattanaik/.m2/repository/org/hamcrest/hamcrest-core/1.3/hamcrest-core-1.3.jar:/Users/swarooppattanaik/.m2/repository/io/cucumber/cucumber-testng/6.10.4/cucumber-testng-6.10.4.jar:/Users/swarooppattanaik/.m2/repository/org/testng/testng/7.3.0/testng-7.3.0.jar:/Users/swarooppattanaik/.m2/repository/com/beust/jcommander/1.78/jcommander-1.78.jar:/Users/swarooppattanaik/.m2/repository/org/apache/ant/ant/1.10.3/ant-1.10.3.jar:/Users/swarooppattanaik/.m2/repository/org/apache/ant/ant-launcher/1.10.3/ant-launcher-1.10.3.jar:/Users/swarooppattanaik/.m2/repository/com/google/inject/guice/4.2.2/guice-4.2.2-no_aop.jar:/Users/swarooppattanaik/.m2/repository/javax/inject/javax.inject/1/javax.inject-1.jar:/Users/swarooppattanaik/.m2/repository/aopalliance/aopalliance/1.0/aopalliance-1.0.jar:/Users/swarooppattanaik/.m2/repository/org/yaml/snakeyaml/1.21/snakeyaml-1.21.jar:/Users/swarooppattanaik/.m2/repository/org/apache/maven/surefire/surefire-testng-utils/2.22.0/surefire-testng-utils-2.22.0.jar:/Users/swarooppattanaik/.m2/repository/org/apache/maven/surefire/surefire-grouper/2.22.0/surefire-grouper-2.22.0.jar:"/>
    <property name="sun.cpu.endian" value="little"/>
    <property name="user.home" value="/Users/swarooppattanaik"/>
    <property name="user.language" value="en"/>
    <property name="java.specification.vendor" value="Oracle Corporation"/>
    <property name="java.home" value="/Library/Java/JavaVirtualMachines/jdk1.8.0_291.jdk/Contents/Home/jre"/>
    <property name="basedir" value="/Users/swarooppattanaik/Documents/Swaroop/Interview/Maersk"/>
    <property name="file.separator" value="/"/>
    <property name="line.separator" value="&#10;"/>
    <property name="java.vm.specification.vendor" value="Oracle Corporation"/>
    <property name="java.specification.name" value="Java Platform API Specification"/>
    <property name="java.awt.graphicsenv" value="sun.awt.CGraphicsEnvironment"/>
    <property name="surefire.real.class.path" value="/Users/swarooppattanaik/Documents/Swaroop/Interview/Maersk/target/surefire/surefirebooter548870499839520318.jar"/>
    <property name="sun.boot.class.path" value="/Library/Java/JavaVirtualMachines/jdk1.8.0_291.jdk/Contents/Home/jre/lib/resources.jar:/Library/Java/JavaVirtualMachines/jdk1.8.0_291.jdk/Contents/Home/jre/lib/rt.jar:/Library/Java/JavaVirtualMachines/jdk1.8.0_291.jdk/Contents/Home/jre/lib/sunrsasign.jar:/Library/Java/JavaVirtualMachines/jdk1.8.0_291.jdk/Contents/Home/jre/lib/jsse.jar:/Library/Java/JavaVirtualMachines/jdk1.8.0_291.jdk/Contents/Home/jre/lib/jce.jar:/Library/Java/JavaVirtualMachines/jdk1.8.0_291.jdk/Contents/Home/jre/lib/charsets.jar:/Library/Java/JavaVirtualMachines/jdk1.8.0_291.jdk/Contents/Home/jre/lib/jfr.jar:/Library/Java/JavaVirtualMachines/jdk1.8.0_291.jdk/Contents/Home/jre/classes"/>
    <property name="sun.management.compiler" value="HotSpot 64-Bit Tiered Compilers"/>
    <property name="ftp.nonProxyHosts" value="local|*.local|169.254/16|*.169.254/16"/>
    <property name="java.runtime.version" value="1.8.0_291-b10"/>
    <property name="user.name" value="swarooppattanaik"/>
    <property name="path.separator" value=":"/>
    <property name="os.version" value="10.16"/>
    <property name="java.endorsed.dirs" value="/Library/Java/JavaVirtualMachines/jdk1.8.0_291.jdk/Contents/Home/jre/lib/endorsed"/>
    <property name="java.runtime.name" value="Java(TM) SE Runtime Environment"/>
    <property name="file.encoding" value="UTF-8"/>
    <property name="browser" value="chrome"/>
    <property name="java.vm.name" value="Java HotSpot(TM) 64-Bit Server VM"/>
    <property name="localRepository" value="/Users/swarooppattanaik/.m2/repository"/>
    <property name="java.vendor.url.bug" value="http://bugreport.sun.com/bugreport/"/>
    <property name="java.io.tmpdir" value="/var/folders/_w/sdyp0hqs2xjdmtc0p5mxk9p40000gn/T/"/>
    <property name="cucumber.filter.tags" value="@Regression"/>
    <property name="java.version" value="1.8.0_291"/>
    <property name="user.dir" value="/Users/swarooppattanaik/Documents/Swaroop/Interview/Maersk"/>
    <property name="os.arch" value="x86_64"/>
    <property name="java.vm.specification.name" value="Java Virtual Machine Specification"/>
    <property name="java.awt.printerjob" value="sun.lwawt.macosx.CPrinterJob"/>
    <property name="url" value="https://e.ggtimer.com/"/>
    <property name="sun.os.patch.level" value="unknown"/>
    <property name="java.library.path" value="/Users/swarooppattanaik/Library/Java/Extensions:/Library/Java/Extensions:/Network/Library/Java/Extensions:/System/Library/Java/Extensions:/usr/lib/java:."/>
    <property name="java.vm.info" value="mixed mode"/>
    <property name="java.vendor" value="Oracle Corporation"/>
    <property name="java.vm.version" value="25.291-b10"/>
    <property name="java.ext.dirs" value="/Users/swarooppattanaik/Library/Java/Extensions:/Library/Java/JavaVirtualMachines/jdk1.8.0_291.jdk/Contents/Home/jre/lib/ext:/Library/Java/Extensions:/Network/Library/Java/Extensions:/System/Library/Java/Extensions:/usr/lib/java"/>
    <property name="sun.io.unicode.encoding" value="UnicodeBig"/>
    <property name="java.class.version" value="52.0"/>
    <property name="socksNonProxyHosts" value="local|*.local|169.254/16|*.169.254/16"/>
  </properties>
  <testcase name="runScenario" classname="parallel.ParallelRun" time="21.84"/>
  <testcase name="runScenario" classname="parallel.ParallelRun" time="21.974"/>
  <testcase name="runScenario" classname="parallel.ParallelRun" time="21.974"/>
  <testcase name="runScenario" classname="parallel.ParallelRun" time="25.879"/>
  <testcase name="runScenario" classname="parallel.ParallelRun" time="326.098"/>
</testsuite>